<?xml version="1.0" encoding="UTF-8"?>
<testng-results ignored="0" total="1" passed="1" failed="0" skipped="0">
  <reporter-output>
  </reporter-output>
  <suite started-at="2021-08-01T09:31:00 IST" name="Default suite" finished-at="2021-08-01T09:31:09 IST" duration-ms="8936">
    <groups>
    </groups>
    <test started-at="2021-08-01T09:31:00 IST" name="Default test" finished-at="2021-08-01T09:31:09 IST" duration-ms="8936">
      <class name="testcases.TC001_Edit">
        <test-method is-config="true" signature="OpenBrowser()[pri:0, instance:testcases.TC001_Edit@5f9b2141]" started-at="2021-08-01T09:31:00 IST" name="OpenBrowser" finished-at="2021-08-01T09:31:08 IST" duration-ms="8221" status="PASS">
          <reporter-output>
          </reporter-output>
        </test-method> <!-- OpenBrowser -->
        <test-method signature="CountActions()[pri:0, instance:testcases.TC001_Edit@5f9b2141]" started-at="2021-08-01T09:31:08 IST" name="CountActions" finished-at="2021-08-01T09:31:08 IST" duration-ms="5" status="PASS">
          <reporter-output>
          </reporter-output>
        </test-method> <!-- CountActions -->
        <test-method is-config="true" signature="QuitBrowser()[pri:0, instance:testcases.TC001_Edit@5f9b2141]" started-at="2021-08-01T09:31:08 IST" name="QuitBrowser" finished-at="2021-08-01T09:31:09 IST" duration-ms="675" status="PASS">
          <reporter-output>
          </reporter-output>
        </test-method> <!-- QuitBrowser -->
      </class> <!-- testcases.TC001_Edit -->
    </test> <!-- Default test -->
  </suite> <!-- Default suite -->
</testng-results>
